<?xml version="1.0" encoding="UTF-8"?>
<coverage generated="1733200866019" clover="3.2.0">
  <project timestamp="1733200866019" name="All files">
    <metrics statements="294" coveredstatements="279" conditionals="102" coveredconditionals="76" methods="29" coveredmethods="28" elements="425" coveredelements="383" complexity="0" loc="294" ncloc="294" packages="9" files="23" classes="23"/>
    <package name="config">
      <metrics statements="6" coveredstatements="6" conditionals="0" coveredconditionals="0" methods="0" coveredmethods="0"/>
      <file name="auth.ts" path="/home/john/Documentos/Desafio3_JOHNATHAN/Desafio3_johnathan/src/config/auth.ts">
        <metrics statements="1" coveredstatements="1" conditionals="0" coveredconditionals="0" methods="0" coveredmethods="0"/>
        <line num="1" count="1" type="stmt"/>
      </file>
      <file name="sequelize.ts" path="/home/john/Documentos/Desafio3_JOHNATHAN/Desafio3_johnathan/src/config/sequelize.ts">
        <metrics statements="5" coveredstatements="5" conditionals="0" coveredconditionals="0" methods="0" coveredmethods="0"/>
        <line num="1" count="12" type="stmt"/>
        <line num="2" count="12" type="stmt"/>
        <line num="4" count="12" type="stmt"/>
        <line num="6" count="12" type="stmt"/>
        <line num="17" count="12" type="stmt"/>
      </file>
    </package>
    <package name="modules.Order.models">
      <metrics statements="8" coveredstatements="8" conditionals="0" coveredconditionals="0" methods="0" coveredmethods="0"/>
      <file name="Order.ts" path="/home/john/Documentos/Desafio3_JOHNATHAN/Desafio3_johnathan/src/modules/Order/models/Order.ts">
        <metrics statements="8" coveredstatements="8" conditionals="0" coveredconditionals="0" methods="0" coveredmethods="0"/>
        <line num="1" count="5" type="stmt"/>
        <line num="2" count="5" type="stmt"/>
        <line num="3" count="5" type="stmt"/>
        <line num="4" count="5" type="stmt"/>
        <line num="20" count="5" type="stmt"/>
        <line num="103" count="5" type="stmt"/>
        <line num="104" count="5" type="stmt"/>
        <line num="106" count="5" type="stmt"/>
      </file>
    </package>
    <package name="modules.Order.services">
      <metrics statements="115" coveredstatements="105" conditionals="40" coveredconditionals="26" methods="9" coveredmethods="8"/>
      <file name="CreaterOrderService.ts" path="/home/john/Documentos/Desafio3_JOHNATHAN/Desafio3_johnathan/src/modules/Order/services/CreaterOrderService.ts">
        <metrics statements="31" coveredstatements="28" conditionals="9" coveredconditionals="6" methods="2" coveredmethods="2"/>
        <line num="1" count="1" type="stmt"/>
        <line num="2" count="1" type="stmt"/>
        <line num="3" count="1" type="stmt"/>
        <line num="4" count="1" type="stmt"/>
        <line num="5" count="1" type="stmt"/>
        <line num="13" count="1" type="stmt"/>
        <line num="14" count="4" type="stmt"/>
        <line num="16" count="4" type="stmt"/>
        <line num="20" count="4" type="cond" truecount="1" falsecount="0"/>
        <line num="21" count="1" type="stmt"/>
        <line num="25" count="3" type="stmt"/>
        <line num="29" count="3" type="cond" truecount="0" falsecount="1"/>
        <line num="30" count="0" type="stmt"/>
        <line num="34" count="3" type="stmt"/>
        <line num="38" count="3" type="cond" truecount="1" falsecount="0"/>
        <line num="39" count="2" type="stmt"/>
        <line num="42" count="1" type="stmt"/>
        <line num="43" count="1" type="stmt"/>
        <line num="45" count="1" type="cond" truecount="1" falsecount="0"/>
        <line num="46" count="1" type="stmt"/>
        <line num="47" count="1" type="stmt"/>
        <line num="49" count="1" type="cond" truecount="3" falsecount="0"/>
        <line num="50" count="1" type="stmt"/>
        <line num="51" count="1" type="cond" truecount="0" falsecount="1"/>
        <line num="52" count="0" type="stmt"/>
        <line num="57" count="1" type="stmt"/>
        <line num="58" count="1" type="stmt"/>
        <line num="60" count="1" type="cond" truecount="0" falsecount="1"/>
        <line num="61" count="0" type="stmt"/>
        <line num="66" count="1" type="stmt"/>
        <line num="78" count="1" type="stmt"/>
      </file>
      <file name="DeleteOrderService.ts" path="/home/john/Documentos/Desafio3_JOHNATHAN/Desafio3_johnathan/src/modules/Order/services/DeleteOrderService.ts">
        <metrics statements="12" coveredstatements="12" conditionals="2" coveredconditionals="2" methods="1" coveredmethods="1"/>
        <line num="1" count="1" type="stmt"/>
        <line num="2" count="1" type="stmt"/>
        <line num="4" count="1" type="stmt"/>
        <line num="6" count="5" type="stmt"/>
        <line num="10" count="5" type="cond" truecount="1" falsecount="0"/>
        <line num="11" count="1" type="stmt"/>
        <line num="14" count="4" type="cond" truecount="1" falsecount="0"/>
        <line num="15" count="1" type="stmt"/>
        <line num="20" count="3" type="stmt"/>
        <line num="21" count="3" type="stmt"/>
        <line num="22" count="3" type="stmt"/>
        <line num="23" count="3" type="stmt"/>
      </file>
      <file name="ReadAllOrderService.ts" path="/home/john/Documentos/Desafio3_JOHNATHAN/Desafio3_johnathan/src/modules/Order/services/ReadAllOrderService.ts">
        <metrics statements="25" coveredstatements="25" conditionals="7" coveredconditionals="7" methods="2" coveredmethods="2"/>
        <line num="4" count="1" type="stmt"/>
        <line num="5" count="1" type="stmt"/>
        <line num="7" count="1" type="stmt"/>
        <line num="18" count="1" type="stmt"/>
        <line num="29" count="5" type="stmt"/>
        <line num="30" count="5" type="stmt"/>
        <line num="31" count="5" type="stmt"/>
        <line num="32" count="5" type="stmt"/>
        <line num="33" count="5" type="cond" truecount="1" falsecount="0"/>
        <line num="34" count="2" type="stmt"/>
        <line num="37" count="5" type="cond" truecount="1" falsecount="0"/>
        <line num="38" count="1" type="stmt"/>
        <line num="41" count="1" type="stmt"/>
        <line num="44" count="5" type="cond" truecount="3" falsecount="0"/>
        <line num="45" count="1" type="stmt"/>
        <line num="46" count="1" type="stmt"/>
        <line num="48" count="1" type="cond" truecount="1" falsecount="0"/>
        <line num="49" count="1" type="stmt"/>
        <line num="52" count="1" type="cond" truecount="1" falsecount="0"/>
        <line num="53" count="1" type="stmt"/>
        <line num="54" count="1" type="stmt"/>
        <line num="55" count="1" type="stmt"/>
        <line num="59" count="5" type="stmt"/>
        <line num="83" count="5" type="stmt"/>
        <line num="90" count="1" type="stmt"/>
      </file>
      <file name="ReadOrderService.ts" path="/home/john/Documentos/Desafio3_JOHNATHAN/Desafio3_johnathan/src/modules/Order/services/ReadOrderService.ts">
        <metrics statements="9" coveredstatements="9" conditionals="1" coveredconditionals="1" methods="1" coveredmethods="1"/>
        <line num="1" count="1" type="stmt"/>
        <line num="2" count="1" type="stmt"/>
        <line num="3" count="1" type="stmt"/>
        <line num="4" count="1" type="stmt"/>
        <line num="9" count="1" type="stmt"/>
        <line num="12" count="2" type="stmt"/>
        <line num="28" count="2" type="cond" truecount="1" falsecount="0"/>
        <line num="29" count="1" type="stmt"/>
        <line num="33" count="1" type="stmt"/>
      </file>
      <file name="UpdateOrderService.ts" path="/home/john/Documentos/Desafio3_JOHNATHAN/Desafio3_johnathan/src/modules/Order/services/UpdateOrderService.ts">
        <metrics statements="38" coveredstatements="31" conditionals="21" coveredconditionals="10" methods="3" coveredmethods="2"/>
        <line num="1" count="1" type="stmt"/>
        <line num="2" count="1" type="stmt"/>
        <line num="4" count="1" type="stmt"/>
        <line num="14" count="1" type="stmt"/>
        <line num="22" count="0" type="stmt"/>
        <line num="24" count="6" type="stmt"/>
        <line num="32" count="6" type="stmt"/>
        <line num="33" count="6" type="cond" truecount="1" falsecount="0"/>
        <line num="34" count="1" type="stmt"/>
        <line num="38" count="5" type="stmt"/>
        <line num="39" count="5" type="cond" truecount="1" falsecount="0"/>
        <line num="40" count="2" type="stmt"/>
        <line num="47" count="3" type="cond" truecount="1" falsecount="0"/>
        <line num="48" count="1" type="stmt"/>
        <line num="55" count="2" type="stmt"/>
        <line num="56" count="2" type="stmt"/>
        <line num="58" count="2" type="cond" truecount="1" falsecount="0"/>
        <line num="59" count="2" type="stmt"/>
        <line num="60" count="2" type="stmt"/>
        <line num="62" count="2" type="cond" truecount="3" falsecount="0"/>
        <line num="63" count="1" type="stmt"/>
        <line num="75" count="1" type="cond" truecount="0" falsecount="1"/>
        <line num="76" count="0" type="stmt"/>
        <line num="81" count="1" type="stmt"/>
        <line num="82" count="1" type="stmt"/>
        <line num="85" count="2" type="cond" truecount="1" falsecount="0"/>
        <line num="86" count="1" type="stmt"/>
        <line num="91" count="1" type="cond" truecount="0" falsecount="1"/>
        <line num="92" count="0" type="cond" truecount="0" falsecount="1"/>
        <line num="93" count="0" type="stmt"/>
        <line num="98" count="0" type="cond" truecount="0" falsecount="6"/>
        <line num="99" count="0" type="stmt"/>
        <line num="106" count="1" type="cond" truecount="1" falsecount="0"/>
        <line num="107" count="1" type="cond" truecount="0" falsecount="1"/>
        <line num="108" count="0" type="stmt"/>
        <line num="113" count="1" type="stmt"/>
        <line num="117" count="1" type="stmt"/>
        <line num="127" count="1" type="stmt"/>
      </file>
    </package>
    <package name="modules.User.models">
      <metrics statements="4" coveredstatements="4" conditionals="0" coveredconditionals="0" methods="0" coveredmethods="0"/>
      <file name="User.ts" path="/home/john/Documentos/Desafio3_JOHNATHAN/Desafio3_johnathan/src/modules/User/models/User.ts">
        <metrics statements="4" coveredstatements="4" conditionals="0" coveredconditionals="0" methods="0" coveredmethods="0"/>
        <line num="1" count="1" type="stmt"/>
        <line num="2" count="1" type="stmt"/>
        <line num="11" count="1" type="stmt"/>
        <line num="35" count="1" type="stmt"/>
      </file>
    </package>
    <package name="modules.User.services">
      <metrics statements="79" coveredstatements="78" conditionals="16" coveredconditionals="15" methods="10" coveredmethods="10"/>
      <file name="CreateSessionService.ts" path="/home/john/Documentos/Desafio3_JOHNATHAN/Desafio3_johnathan/src/modules/User/services/CreateSessionService.ts">
        <metrics statements="16" coveredstatements="16" conditionals="2" coveredconditionals="2" methods="2" coveredmethods="2"/>
        <line num="1" count="1" type="stmt"/>
        <line num="2" count="1" type="stmt"/>
        <line num="3" count="1" type="stmt"/>
        <line num="4" count="1" type="stmt"/>
        <line num="5" count="1" type="stmt"/>
        <line num="17" count="1" type="stmt"/>
        <line num="18" count="3" type="stmt"/>
        <line num="19" count="3" type="stmt"/>
        <line num="20" count="3" type="cond" truecount="1" falsecount="0"/>
        <line num="21" count="1" type="stmt"/>
        <line num="27" count="2" type="stmt"/>
        <line num="29" count="2" type="cond" truecount="1" falsecount="0"/>
        <line num="30" count="1" type="stmt"/>
        <line num="35" count="1" type="stmt"/>
        <line num="39" count="1" type="stmt"/>
        <line num="45" count="1" type="stmt"/>
      </file>
      <file name="CreateUserService.ts" path="/home/john/Documentos/Desafio3_JOHNATHAN/Desafio3_johnathan/src/modules/User/services/CreateUserService.ts">
        <metrics statements="12" coveredstatements="12" conditionals="1" coveredconditionals="1" methods="2" coveredmethods="2"/>
        <line num="1" count="1" type="stmt"/>
        <line num="2" count="1" type="stmt"/>
        <line num="3" count="1" type="stmt"/>
        <line num="11" count="1" type="stmt"/>
        <line num="12" count="3" type="stmt"/>
        <line num="13" count="3" type="stmt"/>
        <line num="14" count="3" type="cond" truecount="1" falsecount="0"/>
        <line num="15" count="1" type="stmt"/>
        <line num="20" count="2" type="stmt"/>
        <line num="22" count="2" type="stmt"/>
        <line num="28" count="2" type="stmt"/>
        <line num="30" count="2" type="stmt"/>
      </file>
      <file name="DeleteUserService.ts" path="/home/john/Documentos/Desafio3_JOHNATHAN/Desafio3_johnathan/src/modules/User/services/DeleteUserService.ts">
        <metrics statements="8" coveredstatements="8" conditionals="1" coveredconditionals="1" methods="1" coveredmethods="1"/>
        <line num="1" count="1" type="stmt"/>
        <line num="2" count="1" type="stmt"/>
        <line num="4" count="1" type="stmt"/>
        <line num="6" count="4" type="stmt"/>
        <line num="7" count="4" type="cond" truecount="1" falsecount="0"/>
        <line num="8" count="3" type="stmt"/>
        <line num="11" count="1" type="stmt"/>
        <line num="13" count="1" type="stmt"/>
      </file>
      <file name="ListUserService.ts" path="/home/john/Documentos/Desafio3_JOHNATHAN/Desafio3_johnathan/src/modules/User/services/ListUserService.ts">
        <metrics statements="16" coveredstatements="16" conditionals="3" coveredconditionals="3" methods="2" coveredmethods="2"/>
        <line num="1" count="1" type="stmt"/>
        <line num="2" count="1" type="stmt"/>
        <line num="3" count="1" type="stmt"/>
        <line num="32" count="1" type="stmt"/>
        <line num="34" count="4" type="stmt"/>
        <line num="38" count="4" type="stmt"/>
        <line num="39" count="4" type="cond" truecount="1" falsecount="0"/>
        <line num="40" count="4" type="stmt"/>
        <line num="42" count="4" type="cond" truecount="1" falsecount="0"/>
        <line num="43" count="4" type="stmt"/>
        <line num="46" count="4" type="stmt"/>
        <line num="50" count="4" type="stmt"/>
        <line num="51" count="4" type="stmt"/>
        <line num="68" count="4" type="cond" truecount="1" falsecount="0"/>
        <line num="69" count="2" type="stmt"/>
        <line num="71" count="2" type="stmt"/>
      </file>
      <file name="ShowUserService.ts" path="/home/john/Documentos/Desafio3_JOHNATHAN/Desafio3_johnathan/src/modules/User/services/ShowUserService.ts">
        <metrics statements="7" coveredstatements="7" conditionals="1" coveredconditionals="1" methods="1" coveredmethods="1"/>
        <line num="1" count="1" type="stmt"/>
        <line num="2" count="1" type="stmt"/>
        <line num="4" count="1" type="stmt"/>
        <line num="6" count="3" type="stmt"/>
        <line num="12" count="3" type="cond" truecount="1" falsecount="0"/>
        <line num="13" count="2" type="stmt"/>
        <line num="16" count="1" type="stmt"/>
      </file>
      <file name="UpdateUserService.ts" path="/home/john/Documentos/Desafio3_JOHNATHAN/Desafio3_johnathan/src/modules/User/services/UpdateUserService.ts">
        <metrics statements="20" coveredstatements="19" conditionals="8" coveredconditionals="7" methods="2" coveredmethods="2"/>
        <line num="1" count="1" type="stmt"/>
        <line num="2" count="1" type="stmt"/>
        <line num="10" count="1" type="stmt"/>
        <line num="12" count="4" type="stmt"/>
        <line num="15" count="4" type="stmt"/>
        <line num="16" count="4" type="cond" truecount="1" falsecount="0"/>
        <line num="17" count="1" type="stmt"/>
        <line num="19" count="3" type="cond" truecount="1" falsecount="0"/>
        <line num="20" count="2" type="stmt"/>
        <line num="21" count="2" type="cond" truecount="3" falsecount="0"/>
        <line num="22" count="1" type="stmt"/>
        <line num="29" count="2" type="stmt"/>
        <line num="30" count="2" type="cond" truecount="1" falsecount="0"/>
        <line num="31" count="1" type="stmt"/>
        <line num="33" count="2" type="cond" truecount="1" falsecount="0"/>
        <line num="34" count="2" type="stmt"/>
        <line num="36" count="2" type="cond" truecount="0" falsecount="1"/>
        <line num="37" count="0" type="stmt"/>
        <line num="39" count="2" type="stmt"/>
        <line num="40" count="2" type="stmt"/>
      </file>
    </package>
    <package name="modules.car.models">
      <metrics statements="11" coveredstatements="10" conditionals="5" coveredconditionals="4" methods="3" coveredmethods="3"/>
      <file name="car.model.ts" path="/home/john/Documentos/Desafio3_JOHNATHAN/Desafio3_johnathan/src/modules/car/models/car.model.ts">
        <metrics statements="11" coveredstatements="10" conditionals="5" coveredconditionals="4" methods="3" coveredmethods="3"/>
        <line num="1" count="6" type="stmt"/>
        <line num="2" count="6" type="stmt"/>
        <line num="20" count="6" type="stmt"/>
        <line num="49" count="3" type="stmt"/>
        <line num="50" count="3" type="cond" truecount="1" falsecount="0"/>
        <line num="51" count="1" type="stmt"/>
        <line num="61" count="3" type="cond" truecount="2" falsecount="1"/>
        <line num="62" count="0" type="stmt"/>
        <line num="66" count="3" type="cond" truecount="1" falsecount="0"/>
        <line num="67" count="1" type="stmt"/>
        <line num="97" count="6" type="stmt"/>
      </file>
    </package>
    <package name="modules.car.services">
      <metrics statements="63" coveredstatements="60" conditionals="40" coveredconditionals="30" methods="6" coveredmethods="6"/>
      <file name="createCarService.ts" path="/home/john/Documentos/Desafio3_JOHNATHAN/Desafio3_johnathan/src/modules/car/services/createCarService.ts">
        <metrics statements="16" coveredstatements="14" conditionals="13" coveredconditionals="11" methods="1" coveredmethods="1"/>
        <line num="1" count="1" type="stmt"/>
        <line num="2" count="1" type="stmt"/>
        <line num="3" count="1" type="stmt"/>
        <line num="16" count="1" type="stmt"/>
        <line num="17" count="4" type="stmt"/>
        <line num="19" count="4" type="cond" truecount="8" falsecount="0"/>
        <line num="20" count="1" type="stmt"/>
        <line num="22" count="3" type="cond" truecount="2" falsecount="1"/>
        <line num="23" count="0" type="stmt"/>
        <line num="25" count="3" type="cond" truecount="0" falsecount="1"/>
        <line num="26" count="0" type="stmt"/>
        <line num="31" count="3" type="stmt"/>
        <line num="34" count="3" type="cond" truecount="1" falsecount="0"/>
        <line num="35" count="1" type="stmt"/>
        <line num="38" count="2" type="stmt"/>
        <line num="51" count="2" type="stmt"/>
      </file>
      <file name="deleteCarService.ts" path="/home/john/Documentos/Desafio3_JOHNATHAN/Desafio3_johnathan/src/modules/car/services/deleteCarService.ts">
        <metrics statements="7" coveredstatements="7" conditionals="1" coveredconditionals="1" methods="1" coveredmethods="1"/>
        <line num="1" count="1" type="stmt"/>
        <line num="2" count="1" type="stmt"/>
        <line num="4" count="1" type="stmt"/>
        <line num="5" count="2" type="stmt"/>
        <line num="6" count="2" type="cond" truecount="1" falsecount="0"/>
        <line num="8" count="1" type="stmt"/>
        <line num="9" count="1" type="stmt"/>
      </file>
      <file name="listCarService.ts" path="/home/john/Documentos/Desafio3_JOHNATHAN/Desafio3_johnathan/src/modules/car/services/listCarService.ts">
        <metrics statements="4" coveredstatements="4" conditionals="0" coveredconditionals="0" methods="1" coveredmethods="1"/>
        <line num="1" count="1" type="stmt"/>
        <line num="3" count="1" type="stmt"/>
        <line num="4" count="2" type="stmt"/>
        <line num="5" count="2" type="stmt"/>
      </file>
      <file name="showCarService.ts" path="/home/john/Documentos/Desafio3_JOHNATHAN/Desafio3_johnathan/src/modules/car/services/showCarService.ts">
        <metrics statements="6" coveredstatements="6" conditionals="1" coveredconditionals="1" methods="1" coveredmethods="1"/>
        <line num="1" count="1" type="stmt"/>
        <line num="2" count="1" type="stmt"/>
        <line num="4" count="1" type="stmt"/>
        <line num="5" count="2" type="stmt"/>
        <line num="6" count="2" type="cond" truecount="1" falsecount="0"/>
        <line num="7" count="1" type="stmt"/>
      </file>
      <file name="updateCarService.ts" path="/home/john/Documentos/Desafio3_JOHNATHAN/Desafio3_johnathan/src/modules/car/services/updateCarService.ts">
        <metrics statements="30" coveredstatements="29" conditionals="25" coveredconditionals="17" methods="2" coveredmethods="2"/>
        <line num="1" count="1" type="stmt"/>
        <line num="2" count="1" type="stmt"/>
        <line num="15" count="1" type="stmt"/>
        <line num="17" count="7" type="stmt"/>
        <line num="29" count="7" type="stmt"/>
        <line num="30" count="7" type="cond" truecount="1" falsecount="0"/>
        <line num="31" count="1" type="stmt"/>
        <line num="34" count="6" type="cond" truecount="1" falsecount="0"/>
        <line num="35" count="1" type="stmt"/>
        <line num="38" count="5" type="cond" truecount="1" falsecount="3"/>
        <line num="39" count="0" type="stmt"/>
        <line num="45" count="5" type="cond" truecount="1" falsecount="0"/>
        <line num="46" count="2" type="cond" truecount="3" falsecount="0"/>
        <line num="47" count="2" type="stmt"/>
        <line num="54" count="3" type="cond" truecount="3" falsecount="0"/>
        <line num="55" count="1" type="stmt"/>
        <line num="61" count="2" type="cond" truecount="1" falsecount="0"/>
        <line num="62" count="2" type="stmt"/>
        <line num="65" count="2" type="cond" truecount="3" falsecount="0"/>
        <line num="66" count="1" type="stmt"/>
        <line num="73" count="1" type="stmt"/>
        <line num="74" count="1" type="cond" truecount="1" falsecount="0"/>
        <line num="75" count="1" type="cond" truecount="1" falsecount="0"/>
        <line num="76" count="1" type="cond" truecount="1" falsecount="0"/>
        <line num="77" count="1" type="cond" truecount="0" falsecount="1"/>
        <line num="78" count="1" type="cond" truecount="0" falsecount="1"/>
        <line num="79" count="1" type="cond" truecount="0" falsecount="1"/>
        <line num="80" count="1" type="cond" truecount="0" falsecount="1"/>
        <line num="81" count="1" type="cond" truecount="0" falsecount="1"/>
        <line num="83" count="1" type="stmt"/>
      </file>
    </package>
    <package name="modules.customer.models">
      <metrics statements="5" coveredstatements="5" conditionals="0" coveredconditionals="0" methods="0" coveredmethods="0"/>
      <file name="Customer.ts" path="/home/john/Documentos/Desafio3_JOHNATHAN/Desafio3_johnathan/src/modules/customer/models/Customer.ts">
        <metrics statements="5" coveredstatements="5" conditionals="0" coveredconditionals="0" methods="0" coveredmethods="0"/>
        <line num="1" count="5" type="stmt"/>
        <line num="2" count="5" type="stmt"/>
        <line num="5" count="5" type="stmt"/>
        <line num="19" count="5" type="stmt"/>
        <line num="44" count="5" type="stmt"/>
      </file>
    </package>
    <package name="shared.errors">
      <metrics statements="3" coveredstatements="3" conditionals="1" coveredconditionals="1" methods="1" coveredmethods="1"/>
      <file name="AppError.ts" path="/home/john/Documentos/Desafio3_JOHNATHAN/Desafio3_johnathan/src/shared/errors/AppError.ts">
        <metrics statements="3" coveredstatements="3" conditionals="1" coveredconditionals="1" methods="1" coveredmethods="1"/>
        <line num="1" count="14" type="stmt"/>
        <line num="4" count="56" type="stmt"/>
        <line num="5" count="56" type="stmt"/>
      </file>
    </package>
  </project>
</coverage>
