{"/home/john/Documentos/Desafio3_JOHNATHAN/Desafio3_johnathan/src/config/auth.ts": {"path":"/home/john/Documentos/Desafio3_JOHNATHAN/Desafio3_johnathan/src/config/auth.ts","statementMap":{"0":{"start":{"line":1,"column":0},"end":{"line":6,"column":2}}},"fnMap":{},"branchMap":{},"s":{"0":1},"f":{},"b":{}}
,"/home/john/Documentos/Desafio3_JOHNATHAN/Desafio3_johnathan/src/config/sequelize.ts": {"path":"/home/john/Documentos/Desafio3_JOHNATHAN/Desafio3_johnathan/src/config/sequelize.ts","statementMap":{"0":{"start":{"line":1,"column":0},"end":{"line":1,"column":38}},"1":{"start":{"line":2,"column":0},"end":{"line":2,"column":28}},"2":{"start":{"line":4,"column":0},"end":{"line":4,"column":16}},"3":{"start":{"line":6,"column":18},"end":{"line":14,"column":null}},"4":{"start":{"line":17,"column":0},"end":{"line":17,"column":25}}},"fnMap":{},"branchMap":{},"s":{"0":12,"1":12,"2":12,"3":12,"4":12},"f":{},"b":{}}
,"/home/john/Documentos/Desafio3_JOHNATHAN/Desafio3_johnathan/src/modules/Order/models/Order.ts": {"path":"/home/john/Documentos/Desafio3_JOHNATHAN/Desafio3_johnathan/src/modules/Order/models/Order.ts","statementMap":{"0":{"start":{"line":1,"column":0},"end":{"line":1,"column":45}},"1":{"start":{"line":2,"column":0},"end":{"line":2,"column":50}},"2":{"start":{"line":3,"column":0},"end":{"line":3,"column":54}},"3":{"start":{"line":4,"column":0},"end":{"line":4,"column":45}},"4":{"start":{"line":20,"column":0},"end":{"line":101,"column":2}},"5":{"start":{"line":103,"column":0},"end":{"line":103,"column":52}},"6":{"start":{"line":104,"column":0},"end":{"line":104,"column":53}},"7":{"start":{"line":106,"column":0},"end":{"line":106,"column":21}}},"fnMap":{},"branchMap":{},"s":{"0":5,"1":5,"2":5,"3":5,"4":5,"5":5,"6":5,"7":5},"f":{},"b":{}}
,"/home/john/Documentos/Desafio3_JOHNATHAN/Desafio3_johnathan/src/modules/Order/services/CreaterOrderService.ts": {"path":"/home/john/Documentos/Desafio3_JOHNATHAN/Desafio3_johnathan/src/modules/Order/services/CreaterOrderService.ts","statementMap":{"0":{"start":{"line":1,"column":0},"end":{"line":1,"column":59}},"1":{"start":{"line":2,"column":0},"end":{"line":2,"column":36}},"2":{"start":{"line":3,"column":0},"end":{"line":3,"column":45}},"3":{"start":{"line":4,"column":0},"end":{"line":4,"column":54}},"4":{"start":{"line":5,"column":0},"end":{"line":5,"column":26}},"5":{"start":{"line":14,"column":23},"end":{"line":79,"column":null}},"6":{"start":{"line":16,"column":22},"end":{"line":18,"column":6}},"7":{"start":{"line":20,"column":4},"end":{"line":22,"column":5}},"8":{"start":{"line":21,"column":6},"end":{"line":21,"column":56}},"9":{"start":{"line":25,"column":22},"end":{"line":27,"column":6}},"10":{"start":{"line":29,"column":4},"end":{"line":31,"column":5}},"11":{"start":{"line":30,"column":6},"end":{"line":30,"column":54}},"12":{"start":{"line":34,"column":24},"end":{"line":36,"column":6}},"13":{"start":{"line":38,"column":4},"end":{"line":40,"column":5}},"14":{"start":{"line":39,"column":6},"end":{"line":39,"column":68}},"15":{"start":{"line":42,"column":17},"end":{"line":42,"column":21}},"16":{"start":{"line":43,"column":13},"end":{"line":43,"column":17}},"17":{"start":{"line":45,"column":4},"end":{"line":63,"column":5}},"18":{"start":{"line":46,"column":23},"end":{"line":46,"column":79}},"19":{"start":{"line":47,"column":19},"end":{"line":47,"column":32}},"20":{"start":{"line":49,"column":6},"end":{"line":59,"column":7}},"21":{"start":{"line":50,"column":20},"end":{"line":50,"column":74}},"22":{"start":{"line":51,"column":8},"end":{"line":56,"column":9}},"23":{"start":{"line":52,"column":10},"end":{"line":55,"column":12}},"24":{"start":{"line":57,"column":8},"end":{"line":57,"column":33}},"25":{"start":{"line":58,"column":8},"end":{"line":58,"column":21}},"26":{"start":{"line":60,"column":6},"end":{"line":62,"column":7}},"27":{"start":{"line":61,"column":8},"end":{"line":61,"column":48}},"28":{"start":{"line":66,"column":18},"end":{"line":76,"column":6}},"29":{"start":{"line":78,"column":4},"end":{"line":78,"column":17}},"30":{"start":{"line":13,"column":0},"end":{"line":13,"column":21}}},"fnMap":{"0":{"name":"(anonymous_8)","decl":{"start":{"line":14,"column":15},"end":{"line":14,"column":22}},"loc":{"start":{"line":14,"column":22},"end":{"line":79,"column":null}}},"1":{"name":"(anonymous_9)","decl":{"start":{"line":14,"column":23},"end":{"line":14,"column":25}},"loc":{"start":{"line":14,"column":59},"end":{"line":79,"column":3}}}},"branchMap":{"0":{"loc":{"start":{"line":20,"column":4},"end":{"line":22,"column":5}},"type":"if","locations":[{"start":{"line":20,"column":4},"end":{"line":22,"column":5}}]},"1":{"loc":{"start":{"line":29,"column":4},"end":{"line":31,"column":5}},"type":"if","locations":[{"start":{"line":29,"column":4},"end":{"line":31,"column":5}}]},"2":{"loc":{"start":{"line":38,"column":4},"end":{"line":40,"column":5}},"type":"if","locations":[{"start":{"line":38,"column":4},"end":{"line":40,"column":5}}]},"3":{"loc":{"start":{"line":45,"column":4},"end":{"line":63,"column":5}},"type":"if","locations":[{"start":{"line":45,"column":4},"end":{"line":63,"column":5}}]},"4":{"loc":{"start":{"line":49,"column":6},"end":{"line":59,"column":7}},"type":"if","locations":[{"start":{"line":49,"column":6},"end":{"line":59,"column":7}}]},"5":{"loc":{"start":{"line":49,"column":10},"end":{"line":49,"column":28}},"type":"binary-expr","locations":[{"start":{"line":49,"column":10},"end":{"line":49,"column":14}},{"start":{"line":49,"column":18},"end":{"line":49,"column":28}}]},"6":{"loc":{"start":{"line":51,"column":8},"end":{"line":56,"column":9}},"type":"if","locations":[{"start":{"line":51,"column":8},"end":{"line":56,"column":9}}]},"7":{"loc":{"start":{"line":60,"column":6},"end":{"line":62,"column":7}},"type":"if","locations":[{"start":{"line":60,"column":6},"end":{"line":62,"column":7}}]}},"s":{"0":1,"1":1,"2":1,"3":1,"4":1,"5":4,"6":4,"7":4,"8":1,"9":3,"10":3,"11":0,"12":3,"13":3,"14":2,"15":1,"16":1,"17":1,"18":1,"19":1,"20":1,"21":1,"22":1,"23":0,"24":1,"25":1,"26":1,"27":0,"28":1,"29":1,"30":1},"f":{"0":4,"1":4},"b":{"0":[1],"1":[0],"2":[2],"3":[1],"4":[1],"5":[1,1],"6":[0],"7":[0]}}
,"/home/john/Documentos/Desafio3_JOHNATHAN/Desafio3_johnathan/src/modules/Order/services/DeleteOrderService.ts": {"path":"/home/john/Documentos/Desafio3_JOHNATHAN/Desafio3_johnathan/src/modules/Order/services/DeleteOrderService.ts","statementMap":{"0":{"start":{"line":1,"column":0},"end":{"line":1,"column":36}},"1":{"start":{"line":2,"column":0},"end":{"line":2,"column":59}},"2":{"start":{"line":6,"column":23},"end":{"line":8,"column":6}},"3":{"start":{"line":10,"column":4},"end":{"line":12,"column":5}},"4":{"start":{"line":11,"column":6},"end":{"line":11,"column":56}},"5":{"start":{"line":14,"column":4},"end":{"line":19,"column":5}},"6":{"start":{"line":15,"column":6},"end":{"line":18,"column":8}},"7":{"start":{"line":20,"column":4},"end":{"line":20,"column":36}},"8":{"start":{"line":21,"column":4},"end":{"line":21,"column":28}},"9":{"start":{"line":22,"column":4},"end":{"line":22,"column":31}},"10":{"start":{"line":23,"column":4},"end":{"line":23,"column":11}},"11":{"start":{"line":4,"column":0},"end":{"line":4,"column":21}}},"fnMap":{"0":{"name":"(anonymous_8)","decl":{"start":{"line":5,"column":15},"end":{"line":5,"column":22}},"loc":{"start":{"line":5,"column":33},"end":{"line":24,"column":null}}}},"branchMap":{"0":{"loc":{"start":{"line":10,"column":4},"end":{"line":12,"column":5}},"type":"if","locations":[{"start":{"line":10,"column":4},"end":{"line":12,"column":5}}]},"1":{"loc":{"start":{"line":14,"column":4},"end":{"line":19,"column":5}},"type":"if","locations":[{"start":{"line":14,"column":4},"end":{"line":19,"column":5}}]}},"s":{"0":1,"1":1,"2":5,"3":5,"4":1,"5":4,"6":1,"7":3,"8":3,"9":3,"10":3,"11":1},"f":{"0":5},"b":{"0":[1],"1":[1]}}
,"/home/john/Documentos/Desafio3_JOHNATHAN/Desafio3_johnathan/src/modules/Order/services/ReadAllOrderService.ts": {"path":"/home/john/Documentos/Desafio3_JOHNATHAN/Desafio3_johnathan/src/modules/Order/services/ReadAllOrderService.ts","statementMap":{"0":{"start":{"line":4,"column":0},"end":{"line":4,"column":36}},"1":{"start":{"line":5,"column":0},"end":{"line":5,"column":54}},"2":{"start":{"line":7,"column":0},"end":{"line":7,"column":38}},"3":{"start":{"line":18,"column":18},"end":{"line":88,"column":2}},"4":{"start":{"line":29,"column":5},"end":{"line":88,"column":2}},"5":{"start":{"line":30,"column":41},"end":{"line":30,"column":43}},"6":{"start":{"line":31,"column":18},"end":{"line":31,"column":23}},"7":{"start":{"line":32,"column":14},"end":{"line":32,"column":27}},"8":{"start":{"line":33,"column":2},"end":{"line":35,"column":3}},"9":{"start":{"line":34,"column":4},"end":{"line":34,"column":26}},"10":{"start":{"line":37,"column":2},"end":{"line":42,"column":3}},"11":{"start":{"line":38,"column":22},"end":{"line":40,"column":6}},"12":{"start":{"line":41,"column":4},"end":{"line":41,"column":33}},"13":{"start":{"line":44,"column":2},"end":{"line":57,"column":3}},"14":{"start":{"line":45,"column":4},"end":{"line":45,"column":27}},"15":{"start":{"line":46,"column":4},"end":{"line":46,"column":25}},"16":{"start":{"line":48,"column":4},"end":{"line":50,"column":5}},"17":{"start":{"line":49,"column":6},"end":{"line":49,"column":62}},"18":{"start":{"line":52,"column":4},"end":{"line":56,"column":5}},"19":{"start":{"line":53,"column":6},"end":{"line":53,"column":58}},"20":{"start":{"line":54,"column":6},"end":{"line":54,"column":25}},"21":{"start":{"line":55,"column":6},"end":{"line":55,"column":26}},"22":{"start":{"line":59,"column":26},"end":{"line":81,"column":4}},"23":{"start":{"line":83,"column":2},"end":{"line":87,"column":4}},"24":{"start":{"line":90,"column":0},"end":{"line":90,"column":29}}},"fnMap":{"0":{"name":"(anonymous_8)","decl":{"start":{"line":18,"column":18},"end":{"line":18,"column":25}},"loc":{"start":{"line":29,"column":5},"end":{"line":88,"column":2}}},"1":{"name":"(anonymous_9)","decl":{"start":{"line":29,"column":5},"end":{"line":29,"column":null}},"loc":{"start":{"line":25,"column":17},"end":{"line":88,"column":1}}}},"branchMap":{"0":{"loc":{"start":{"line":33,"column":2},"end":{"line":35,"column":3}},"type":"if","locations":[{"start":{"line":33,"column":2},"end":{"line":35,"column":3}}]},"1":{"loc":{"start":{"line":37,"column":2},"end":{"line":42,"column":3}},"type":"if","locations":[{"start":{"line":37,"column":2},"end":{"line":42,"column":3}}]},"2":{"loc":{"start":{"line":44,"column":2},"end":{"line":57,"column":3}},"type":"if","locations":[{"start":{"line":44,"column":2},"end":{"line":57,"column":3}}]},"3":{"loc":{"start":{"line":44,"column":6},"end":{"line":44,"column":30}},"type":"binary-expr","locations":[{"start":{"line":44,"column":6},"end":{"line":44,"column":17}},{"start":{"line":44,"column":21},"end":{"line":44,"column":30}}]},"4":{"loc":{"start":{"line":48,"column":4},"end":{"line":50,"column":5}},"type":"if","locations":[{"start":{"line":48,"column":4},"end":{"line":50,"column":5}}]},"5":{"loc":{"start":{"line":52,"column":4},"end":{"line":56,"column":5}},"type":"if","locations":[{"start":{"line":52,"column":4},"end":{"line":56,"column":5}}]}},"s":{"0":1,"1":1,"2":1,"3":1,"4":5,"5":5,"6":5,"7":5,"8":5,"9":2,"10":5,"11":1,"12":1,"13":5,"14":1,"15":1,"16":1,"17":1,"18":1,"19":1,"20":1,"21":1,"22":5,"23":5,"24":1},"f":{"0":5,"1":5},"b":{"0":[2],"1":[1],"2":[1],"3":[5,4],"4":[1],"5":[1]}}
,"/home/john/Documentos/Desafio3_JOHNATHAN/Desafio3_johnathan/src/modules/Order/services/ReadOrderService.ts": {"path":"/home/john/Documentos/Desafio3_JOHNATHAN/Desafio3_johnathan/src/modules/Order/services/ReadOrderService.ts","statementMap":{"0":{"start":{"line":1,"column":0},"end":{"line":1,"column":59}},"1":{"start":{"line":2,"column":0},"end":{"line":2,"column":36}},"2":{"start":{"line":3,"column":0},"end":{"line":3,"column":45}},"3":{"start":{"line":4,"column":0},"end":{"line":4,"column":54}},"4":{"start":{"line":12,"column":28},"end":{"line":26,"column":10}},"5":{"start":{"line":28,"column":8},"end":{"line":30,"column":9}},"6":{"start":{"line":29,"column":12},"end":{"line":29,"column":61}},"7":{"start":{"line":33,"column":8},"end":{"line":33,"column":27}},"8":{"start":{"line":9,"column":0},"end":{"line":9,"column":21}}},"fnMap":{"0":{"name":"(anonymous_8)","decl":{"start":{"line":10,"column":17},"end":{"line":10,"column":24}},"loc":{"start":{"line":10,"column":37},"end":{"line":34,"column":null}}}},"branchMap":{"0":{"loc":{"start":{"line":28,"column":8},"end":{"line":30,"column":9}},"type":"if","locations":[{"start":{"line":28,"column":8},"end":{"line":30,"column":9}}]}},"s":{"0":1,"1":1,"2":1,"3":1,"4":2,"5":2,"6":1,"7":1,"8":1},"f":{"0":2},"b":{"0":[1]}}
,"/home/john/Documentos/Desafio3_JOHNATHAN/Desafio3_johnathan/src/modules/Order/services/UpdateOrderService.ts": {"path":"/home/john/Documentos/Desafio3_JOHNATHAN/Desafio3_johnathan/src/modules/Order/services/UpdateOrderService.ts","statementMap":{"0":{"start":{"line":1,"column":0},"end":{"line":1,"column":36}},"1":{"start":{"line":2,"column":0},"end":{"line":2,"column":26}},"2":{"start":{"line":4,"column":0},"end":{"line":4,"column":59}},"3":{"start":{"line":22,"column":4},"end":{"line":22,"column":47}},"4":{"start":{"line":24,"column":23},"end":{"line":128,"column":null}},"5":{"start":{"line":32,"column":18},"end":{"line":32,"column":42}},"6":{"start":{"line":33,"column":4},"end":{"line":35,"column":5}},"7":{"start":{"line":34,"column":6},"end":{"line":34,"column":56}},"8":{"start":{"line":38,"column":18},"end":{"line":38,"column":28}},"9":{"start":{"line":39,"column":4},"end":{"line":44,"column":5}},"10":{"start":{"line":40,"column":6},"end":{"line":43,"column":8}},"11":{"start":{"line":47,"column":4},"end":{"line":52,"column":5}},"12":{"start":{"line":48,"column":6},"end":{"line":51,"column":8}},"13":{"start":{"line":55,"column":17},"end":{"line":55,"column":21}},"14":{"start":{"line":56,"column":13},"end":{"line":56,"column":17}},"15":{"start":{"line":58,"column":4},"end":{"line":88,"column":5}},"16":{"start":{"line":59,"column":23},"end":{"line":59,"column":79}},"17":{"start":{"line":60,"column":19},"end":{"line":60,"column":32}},"18":{"start":{"line":62,"column":6},"end":{"line":83,"column":7}},"19":{"start":{"line":63,"column":20},"end":{"line":74,"column":10}},"20":{"start":{"line":75,"column":8},"end":{"line":80,"column":9}},"21":{"start":{"line":76,"column":10},"end":{"line":79,"column":12}},"22":{"start":{"line":81,"column":8},"end":{"line":81,"column":33}},"23":{"start":{"line":82,"column":8},"end":{"line":82,"column":21}},"24":{"start":{"line":85,"column":6},"end":{"line":87,"column":7}},"25":{"start":{"line":86,"column":8},"end":{"line":86,"column":48}},"26":{"start":{"line":91,"column":4},"end":{"line":104,"column":5}},"27":{"start":{"line":92,"column":6},"end":{"line":97,"column":7}},"28":{"start":{"line":93,"column":8},"end":{"line":96,"column":10}},"29":{"start":{"line":98,"column":6},"end":{"line":103,"column":7}},"30":{"start":{"line":99,"column":8},"end":{"line":102,"column":10}},"31":{"start":{"line":106,"column":4},"end":{"line":114,"column":5}},"32":{"start":{"line":107,"column":6},"end":{"line":112,"column":7}},"33":{"start":{"line":108,"column":8},"end":{"line":111,"column":10}},"34":{"start":{"line":113,"column":6},"end":{"line":113,"column":37}},"35":{"start":{"line":117,"column":4},"end":{"line":125,"column":7}},"36":{"start":{"line":127,"column":4},"end":{"line":127,"column":17}},"37":{"start":{"line":14,"column":0},"end":{"line":14,"column":21}}},"fnMap":{"0":{"name":"(anonymous_8)","decl":{"start":{"line":15,"column":2},"end":{"line":15,"column":8}},"loc":{"start":{"line":21,"column":3},"end":{"line":23,"column":3}}},"1":{"name":"(anonymous_9)","decl":{"start":{"line":24,"column":15},"end":{"line":24,"column":22}},"loc":{"start":{"line":24,"column":22},"end":{"line":128,"column":null}}},"2":{"name":"(anonymous_10)","decl":{"start":{"line":24,"column":23},"end":{"line":24,"column":null}},"loc":{"start":{"line":30,"column":18},"end":{"line":128,"column":3}}}},"branchMap":{"0":{"loc":{"start":{"line":33,"column":4},"end":{"line":35,"column":5}},"type":"if","locations":[{"start":{"line":33,"column":4},"end":{"line":35,"column":5}}]},"1":{"loc":{"start":{"line":39,"column":4},"end":{"line":44,"column":5}},"type":"if","locations":[{"start":{"line":39,"column":4},"end":{"line":44,"column":5}}]},"2":{"loc":{"start":{"line":47,"column":4},"end":{"line":52,"column":5}},"type":"if","locations":[{"start":{"line":47,"column":4},"end":{"line":52,"column":5}}]},"3":{"loc":{"start":{"line":58,"column":4},"end":{"line":88,"column":5}},"type":"if","locations":[{"start":{"line":58,"column":4},"end":{"line":88,"column":5}}]},"4":{"loc":{"start":{"line":62,"column":6},"end":{"line":83,"column":7}},"type":"if","locations":[{"start":{"line":62,"column":6},"end":{"line":83,"column":7}}]},"5":{"loc":{"start":{"line":62,"column":10},"end":{"line":62,"column":28}},"type":"binary-expr","locations":[{"start":{"line":62,"column":10},"end":{"line":62,"column":14}},{"start":{"line":62,"column":18},"end":{"line":62,"column":28}}]},"6":{"loc":{"start":{"line":75,"column":8},"end":{"line":80,"column":9}},"type":"if","locations":[{"start":{"line":75,"column":8},"end":{"line":80,"column":9}}]},"7":{"loc":{"start":{"line":85,"column":6},"end":{"line":87,"column":7}},"type":"if","locations":[{"start":{"line":85,"column":6},"end":{"line":87,"column":7}}]},"8":{"loc":{"start":{"line":91,"column":4},"end":{"line":104,"column":5}},"type":"if","locations":[{"start":{"line":91,"column":4},"end":{"line":104,"column":5}}]},"9":{"loc":{"start":{"line":92,"column":6},"end":{"line":97,"column":7}},"type":"if","locations":[{"start":{"line":92,"column":6},"end":{"line":97,"column":7}}]},"10":{"loc":{"start":{"line":98,"column":6},"end":{"line":103,"column":7}},"type":"if","locations":[{"start":{"line":98,"column":6},"end":{"line":103,"column":7}}]},"11":{"loc":{"start":{"line":98,"column":10},"end":{"line":98,"column":62}},"type":"binary-expr","locations":[{"start":{"line":98,"column":10},"end":{"line":98,"column":13}},{"start":{"line":98,"column":17},"end":{"line":98,"column":29}},{"start":{"line":98,"column":33},"end":{"line":98,"column":43}},{"start":{"line":98,"column":47},"end":{"line":98,"column":51}},{"start":{"line":98,"column":55},"end":{"line":98,"column":62}}]},"12":{"loc":{"start":{"line":106,"column":4},"end":{"line":114,"column":5}},"type":"if","locations":[{"start":{"line":106,"column":4},"end":{"line":114,"column":5}}]},"13":{"loc":{"start":{"line":107,"column":6},"end":{"line":112,"column":7}},"type":"if","locations":[{"start":{"line":107,"column":6},"end":{"line":112,"column":7}}]},"14":{"loc":{"start":{"line":124,"column":24},"end":{"line":124,"column":78}},"type":"cond-expr","locations":[{"start":{"line":124,"column":49},"end":{"line":124,"column":71}},{"start":{"line":124,"column":74},"end":{"line":124,"column":78}}]}},"s":{"0":1,"1":1,"2":1,"3":0,"4":6,"5":6,"6":6,"7":1,"8":5,"9":5,"10":2,"11":3,"12":1,"13":2,"14":2,"15":2,"16":2,"17":2,"18":2,"19":1,"20":1,"21":0,"22":1,"23":1,"24":2,"25":1,"26":1,"27":0,"28":0,"29":0,"30":0,"31":1,"32":1,"33":0,"34":1,"35":1,"36":1,"37":1},"f":{"0":0,"1":6,"2":6},"b":{"0":[1],"1":[2],"2":[1],"3":[2],"4":[1],"5":[2,2],"6":[0],"7":[1],"8":[0],"9":[0],"10":[0],"11":[0,0,0,0,0],"12":[1],"13":[0],"14":[1,0]}}
,"/home/john/Documentos/Desafio3_JOHNATHAN/Desafio3_johnathan/src/modules/User/models/User.ts": {"path":"/home/john/Documentos/Desafio3_JOHNATHAN/Desafio3_johnathan/src/modules/User/models/User.ts","statementMap":{"0":{"start":{"line":1,"column":0},"end":{"line":1,"column":45}},"1":{"start":{"line":2,"column":0},"end":{"line":2,"column":50}},"2":{"start":{"line":11,"column":0},"end":{"line":33,"column":2}},"3":{"start":{"line":35,"column":0},"end":{"line":35,"column":20}}},"fnMap":{},"branchMap":{},"s":{"0":1,"1":1,"2":1,"3":1},"f":{},"b":{}}
,"/home/john/Documentos/Desafio3_JOHNATHAN/Desafio3_johnathan/src/modules/User/services/CreateSessionService.ts": {"path":"/home/john/Documentos/Desafio3_JOHNATHAN/Desafio3_johnathan/src/modules/User/services/CreateSessionService.ts","statementMap":{"0":{"start":{"line":1,"column":0},"end":{"line":1,"column":34}},"1":{"start":{"line":2,"column":0},"end":{"line":2,"column":35}},"2":{"start":{"line":3,"column":0},"end":{"line":3,"column":36}},"3":{"start":{"line":4,"column":0},"end":{"line":4,"column":46}},"4":{"start":{"line":5,"column":0},"end":{"line":5,"column":59}},"5":{"start":{"line":18,"column":25},"end":{"line":49,"column":null}},"6":{"start":{"line":19,"column":21},"end":{"line":19,"column":72}},"7":{"start":{"line":20,"column":8},"end":{"line":25,"column":9}},"8":{"start":{"line":21,"column":12},"end":{"line":24,"column":14}},"9":{"start":{"line":27,"column":31},"end":{"line":27,"column":69}},"10":{"start":{"line":29,"column":8},"end":{"line":34,"column":9}},"11":{"start":{"line":30,"column":12},"end":{"line":33,"column":14}},"12":{"start":{"line":35,"column":22},"end":{"line":38,"column":10}},"13":{"start":{"line":39,"column":21},"end":{"line":43,"column":10}},"14":{"start":{"line":45,"column":8},"end":{"line":48,"column":10}},"15":{"start":{"line":17,"column":0},"end":{"line":17,"column":21}}},"fnMap":{"0":{"name":"(anonymous_8)","decl":{"start":{"line":18,"column":17},"end":{"line":18,"column":24}},"loc":{"start":{"line":18,"column":24},"end":{"line":49,"column":null}}},"1":{"name":"(anonymous_9)","decl":{"start":{"line":18,"column":25},"end":{"line":18,"column":27}},"loc":{"start":{"line":18,"column":54},"end":{"line":49,"column":5}}}},"branchMap":{"0":{"loc":{"start":{"line":20,"column":8},"end":{"line":25,"column":9}},"type":"if","locations":[{"start":{"line":20,"column":8},"end":{"line":25,"column":9}}]},"1":{"loc":{"start":{"line":29,"column":8},"end":{"line":34,"column":9}},"type":"if","locations":[{"start":{"line":29,"column":8},"end":{"line":34,"column":9}}]}},"s":{"0":1,"1":1,"2":1,"3":1,"4":1,"5":3,"6":3,"7":3,"8":1,"9":2,"10":2,"11":1,"12":1,"13":1,"14":1,"15":1},"f":{"0":3,"1":3},"b":{"0":[1],"1":[1]}}
,"/home/john/Documentos/Desafio3_JOHNATHAN/Desafio3_johnathan/src/modules/User/services/CreateUserService.ts": {"path":"/home/john/Documentos/Desafio3_JOHNATHAN/Desafio3_johnathan/src/modules/User/services/CreateUserService.ts","statementMap":{"0":{"start":{"line":1,"column":0},"end":{"line":1,"column":34}},"1":{"start":{"line":2,"column":0},"end":{"line":2,"column":59}},"2":{"start":{"line":3,"column":0},"end":{"line":3,"column":32}},"3":{"start":{"line":12,"column":25},"end":{"line":31,"column":null}},"4":{"start":{"line":13,"column":27},"end":{"line":13,"column":67}},"5":{"start":{"line":14,"column":8},"end":{"line":19,"column":9}},"6":{"start":{"line":15,"column":12},"end":{"line":18,"column":14}},"7":{"start":{"line":20,"column":31},"end":{"line":20,"column":54}},"8":{"start":{"line":22,"column":21},"end":{"line":26,"column":10}},"9":{"start":{"line":28,"column":19},"end":{"line":28,"column":26}},"10":{"start":{"line":30,"column":8},"end":{"line":30,"column":18}},"11":{"start":{"line":11,"column":0},"end":{"line":11,"column":21}}},"fnMap":{"0":{"name":"(anonymous_8)","decl":{"start":{"line":12,"column":17},"end":{"line":12,"column":24}},"loc":{"start":{"line":12,"column":24},"end":{"line":31,"column":null}}},"1":{"name":"(anonymous_9)","decl":{"start":{"line":12,"column":25},"end":{"line":12,"column":27}},"loc":{"start":{"line":12,"column":60},"end":{"line":31,"column":5}}}},"branchMap":{"0":{"loc":{"start":{"line":14,"column":8},"end":{"line":19,"column":9}},"type":"if","locations":[{"start":{"line":14,"column":8},"end":{"line":19,"column":9}}]}},"s":{"0":1,"1":1,"2":1,"3":3,"4":3,"5":3,"6":1,"7":2,"8":2,"9":2,"10":2,"11":1},"f":{"0":3,"1":3},"b":{"0":[1]}}
,"/home/john/Documentos/Desafio3_JOHNATHAN/Desafio3_johnathan/src/modules/User/services/DeleteUserService.ts": {"path":"/home/john/Documentos/Desafio3_JOHNATHAN/Desafio3_johnathan/src/modules/User/services/DeleteUserService.ts","statementMap":{"0":{"start":{"line":1,"column":0},"end":{"line":1,"column":34}},"1":{"start":{"line":2,"column":0},"end":{"line":2,"column":59}},"2":{"start":{"line":6,"column":27},"end":{"line":6,"column":64}},"3":{"start":{"line":7,"column":8},"end":{"line":9,"column":9}},"4":{"start":{"line":8,"column":12},"end":{"line":8,"column":55}},"5":{"start":{"line":11,"column":8},"end":{"line":11,"column":46}},"6":{"start":{"line":13,"column":8},"end":{"line":13,"column":15}},"7":{"start":{"line":4,"column":0},"end":{"line":4,"column":21}}},"fnMap":{"0":{"name":"(anonymous_8)","decl":{"start":{"line":5,"column":17},"end":{"line":5,"column":24}},"loc":{"start":{"line":5,"column":35},"end":{"line":14,"column":null}}}},"branchMap":{"0":{"loc":{"start":{"line":7,"column":8},"end":{"line":9,"column":9}},"type":"if","locations":[{"start":{"line":7,"column":8},"end":{"line":9,"column":9}}]}},"s":{"0":1,"1":1,"2":4,"3":4,"4":3,"5":1,"6":1,"7":1},"f":{"0":4},"b":{"0":[3]}}
,"/home/john/Documentos/Desafio3_JOHNATHAN/Desafio3_johnathan/src/modules/User/services/ListUserService.ts": {"path":"/home/john/Documentos/Desafio3_JOHNATHAN/Desafio3_johnathan/src/modules/User/services/ListUserService.ts","statementMap":{"0":{"start":{"line":1,"column":0},"end":{"line":1,"column":59}},"1":{"start":{"line":2,"column":0},"end":{"line":2,"column":34}},"2":{"start":{"line":3,"column":0},"end":{"line":3,"column":31}},"3":{"start":{"line":34,"column":8},"end":{"line":72,"column":null}},"4":{"start":{"line":38,"column":42},"end":{"line":38,"column":44}},"5":{"start":{"line":39,"column":8},"end":{"line":41,"column":9}},"6":{"start":{"line":40,"column":12},"end":{"line":40,"column":58}},"7":{"start":{"line":42,"column":8},"end":{"line":44,"column":9}},"8":{"start":{"line":43,"column":12},"end":{"line":43,"column":60}},"9":{"start":{"line":46,"column":27},"end":{"line":49,"column":10}},"10":{"start":{"line":50,"column":22},"end":{"line":50,"column":51}},"11":{"start":{"line":51,"column":22},"end":{"line":67,"column":10}},"12":{"start":{"line":68,"column":8},"end":{"line":70,"column":9}},"13":{"start":{"line":69,"column":12},"end":{"line":69,"column":69}},"14":{"start":{"line":71,"column":8},"end":{"line":71,"column":32}},"15":{"start":{"line":32,"column":0},"end":{"line":32,"column":21}}},"fnMap":{"0":{"name":"(anonymous_8)","decl":{"start":{"line":33,"column":17},"end":{"line":33,"column":24}},"loc":{"start":{"line":33,"column":24},"end":{"line":72,"column":null}}},"1":{"name":"(anonymous_9)","decl":{"start":{"line":34,"column":8},"end":{"line":34,"column":10}},"loc":{"start":{"line":36,"column":34},"end":{"line":72,"column":5}}}},"branchMap":{"0":{"loc":{"start":{"line":39,"column":8},"end":{"line":41,"column":9}},"type":"if","locations":[{"start":{"line":39,"column":8},"end":{"line":41,"column":9}}]},"1":{"loc":{"start":{"line":42,"column":8},"end":{"line":44,"column":9}},"type":"if","locations":[{"start":{"line":42,"column":8},"end":{"line":44,"column":9}}]},"2":{"loc":{"start":{"line":68,"column":8},"end":{"line":70,"column":9}},"type":"if","locations":[{"start":{"line":68,"column":8},"end":{"line":70,"column":9}}]}},"s":{"0":1,"1":1,"2":1,"3":4,"4":4,"5":4,"6":4,"7":4,"8":4,"9":4,"10":4,"11":4,"12":4,"13":2,"14":2,"15":1},"f":{"0":4,"1":4},"b":{"0":[4],"1":[4],"2":[2]}}
,"/home/john/Documentos/Desafio3_JOHNATHAN/Desafio3_johnathan/src/modules/User/services/ShowUserService.ts": {"path":"/home/john/Documentos/Desafio3_JOHNATHAN/Desafio3_johnathan/src/modules/User/services/ShowUserService.ts","statementMap":{"0":{"start":{"line":1,"column":0},"end":{"line":1,"column":34}},"1":{"start":{"line":2,"column":0},"end":{"line":2,"column":59}},"2":{"start":{"line":6,"column":21},"end":{"line":11,"column":10}},"3":{"start":{"line":12,"column":8},"end":{"line":14,"column":9}},"4":{"start":{"line":13,"column":12},"end":{"line":13,"column":55}},"5":{"start":{"line":16,"column":8},"end":{"line":16,"column":20}},"6":{"start":{"line":4,"column":0},"end":{"line":4,"column":21}}},"fnMap":{"0":{"name":"(anonymous_8)","decl":{"start":{"line":5,"column":17},"end":{"line":5,"column":24}},"loc":{"start":{"line":5,"column":35},"end":{"line":17,"column":null}}}},"branchMap":{"0":{"loc":{"start":{"line":12,"column":8},"end":{"line":14,"column":9}},"type":"if","locations":[{"start":{"line":12,"column":8},"end":{"line":14,"column":9}}]}},"s":{"0":1,"1":1,"2":3,"3":3,"4":2,"5":1,"6":1},"f":{"0":3},"b":{"0":[2]}}
,"/home/john/Documentos/Desafio3_JOHNATHAN/Desafio3_johnathan/src/modules/User/services/UpdateUserService.ts": {"path":"/home/john/Documentos/Desafio3_JOHNATHAN/Desafio3_johnathan/src/modules/User/services/UpdateUserService.ts","statementMap":{"0":{"start":{"line":1,"column":0},"end":{"line":1,"column":34}},"1":{"start":{"line":2,"column":0},"end":{"line":2,"column":59}},"2":{"start":{"line":12,"column":8},"end":{"line":41,"column":null}},"3":{"start":{"line":15,"column":27},"end":{"line":15,"column":64}},"4":{"start":{"line":16,"column":8},"end":{"line":18,"column":9}},"5":{"start":{"line":17,"column":12},"end":{"line":17,"column":55}},"6":{"start":{"line":19,"column":8},"end":{"line":27,"column":9}},"7":{"start":{"line":20,"column":34},"end":{"line":20,"column":74}},"8":{"start":{"line":21,"column":12},"end":{"line":26,"column":13}},"9":{"start":{"line":22,"column":16},"end":{"line":25,"column":18}},"10":{"start":{"line":29,"column":50},"end":{"line":29,"column":52}},"11":{"start":{"line":30,"column":8},"end":{"line":32,"column":9}},"12":{"start":{"line":31,"column":12},"end":{"line":31,"column":40}},"13":{"start":{"line":33,"column":8},"end":{"line":35,"column":9}},"14":{"start":{"line":34,"column":12},"end":{"line":34,"column":38}},"15":{"start":{"line":36,"column":8},"end":{"line":38,"column":9}},"16":{"start":{"line":37,"column":12},"end":{"line":37,"column":46}},"17":{"start":{"line":39,"column":8},"end":{"line":39,"column":60}},"18":{"start":{"line":40,"column":8},"end":{"line":40,"column":15}},"19":{"start":{"line":10,"column":0},"end":{"line":10,"column":21}}},"fnMap":{"0":{"name":"(anonymous_8)","decl":{"start":{"line":11,"column":17},"end":{"line":11,"column":24}},"loc":{"start":{"line":11,"column":24},"end":{"line":41,"column":null}}},"1":{"name":"(anonymous_9)","decl":{"start":{"line":12,"column":8},"end":{"line":12,"column":18}},"loc":{"start":{"line":13,"column":53},"end":{"line":41,"column":5}}}},"branchMap":{"0":{"loc":{"start":{"line":16,"column":8},"end":{"line":18,"column":9}},"type":"if","locations":[{"start":{"line":16,"column":8},"end":{"line":18,"column":9}}]},"1":{"loc":{"start":{"line":19,"column":8},"end":{"line":27,"column":9}},"type":"if","locations":[{"start":{"line":19,"column":8},"end":{"line":27,"column":9}}]},"2":{"loc":{"start":{"line":21,"column":12},"end":{"line":26,"column":13}},"type":"if","locations":[{"start":{"line":21,"column":12},"end":{"line":26,"column":13}}]},"3":{"loc":{"start":{"line":21,"column":16},"end":{"line":21,"column":66}},"type":"binary-expr","locations":[{"start":{"line":21,"column":16},"end":{"line":21,"column":29}},{"start":{"line":21,"column":33},"end":{"line":21,"column":66}}]},"4":{"loc":{"start":{"line":30,"column":8},"end":{"line":32,"column":9}},"type":"if","locations":[{"start":{"line":30,"column":8},"end":{"line":32,"column":9}}]},"5":{"loc":{"start":{"line":33,"column":8},"end":{"line":35,"column":9}},"type":"if","locations":[{"start":{"line":33,"column":8},"end":{"line":35,"column":9}}]},"6":{"loc":{"start":{"line":36,"column":8},"end":{"line":38,"column":9}},"type":"if","locations":[{"start":{"line":36,"column":8},"end":{"line":38,"column":9}}]}},"s":{"0":1,"1":1,"2":4,"3":4,"4":4,"5":1,"6":3,"7":2,"8":2,"9":1,"10":2,"11":2,"12":1,"13":2,"14":2,"15":2,"16":0,"17":2,"18":2,"19":1},"f":{"0":4,"1":4},"b":{"0":[1],"1":[2],"2":[1],"3":[2,1],"4":[1],"5":[2],"6":[0]}}
,"/home/john/Documentos/Desafio3_JOHNATHAN/Desafio3_johnathan/src/modules/car/models/car.model.ts": {"path":"/home/john/Documentos/Desafio3_JOHNATHAN/Desafio3_johnathan/src/modules/car/models/car.model.ts","statementMap":{"0":{"start":{"line":1,"column":0},"end":{"line":1,"column":50}},"1":{"start":{"line":2,"column":0},"end":{"line":2,"column":45}},"2":{"start":{"line":20,"column":0},"end":{"line":95,"column":2}},"3":{"start":{"line":49,"column":30},"end":{"line":49,"column":54}},"4":{"start":{"line":50,"column":10},"end":{"line":52,"column":11}},"5":{"start":{"line":51,"column":12},"end":{"line":51,"column":69}},"6":{"start":{"line":61,"column":10},"end":{"line":63,"column":11}},"7":{"start":{"line":62,"column":12},"end":{"line":62,"column":79}},"8":{"start":{"line":66,"column":10},"end":{"line":68,"column":11}},"9":{"start":{"line":67,"column":12},"end":{"line":67,"column":63}},"10":{"start":{"line":97,"column":0},"end":{"line":97,"column":19}}},"fnMap":{"0":{"name":"(anonymous_1)","decl":{"start":{"line":48,"column":8},"end":{"line":48,"column":20}},"loc":{"start":{"line":48,"column":34},"end":{"line":53,"column":9}}},"1":{"name":"(anonymous_2)","decl":{"start":{"line":60,"column":8},"end":{"line":60,"column":19}},"loc":{"start":{"line":60,"column":35},"end":{"line":64,"column":9}}},"2":{"name":"(anonymous_3)","decl":{"start":{"line":65,"column":8},"end":{"line":65,"column":16}},"loc":{"start":{"line":65,"column":32},"end":{"line":69,"column":9}}}},"branchMap":{"0":{"loc":{"start":{"line":50,"column":10},"end":{"line":52,"column":11}},"type":"if","locations":[{"start":{"line":50,"column":10},"end":{"line":52,"column":11}}]},"1":{"loc":{"start":{"line":61,"column":10},"end":{"line":63,"column":11}},"type":"if","locations":[{"start":{"line":61,"column":10},"end":{"line":63,"column":11}}]},"2":{"loc":{"start":{"line":61,"column":14},"end":{"line":61,"column":50}},"type":"binary-expr","locations":[{"start":{"line":61,"column":14},"end":{"line":61,"column":30}},{"start":{"line":61,"column":34},"end":{"line":61,"column":50}}]},"3":{"loc":{"start":{"line":66,"column":10},"end":{"line":68,"column":11}},"type":"if","locations":[{"start":{"line":66,"column":10},"end":{"line":68,"column":11}}]}},"s":{"0":6,"1":6,"2":6,"3":3,"4":3,"5":1,"6":3,"7":0,"8":3,"9":1,"10":6},"f":{"0":3,"1":3,"2":3},"b":{"0":[1],"1":[0],"2":[3,3],"3":[1]}}
,"/home/john/Documentos/Desafio3_JOHNATHAN/Desafio3_johnathan/src/modules/car/services/createCarService.ts": {"path":"/home/john/Documentos/Desafio3_JOHNATHAN/Desafio3_johnathan/src/modules/car/services/createCarService.ts","statementMap":{"0":{"start":{"line":16,"column":0},"end":{"line":16,"column":30}},"1":{"start":{"line":1,"column":0},"end":{"line":1,"column":59}},"2":{"start":{"line":2,"column":0},"end":{"line":2,"column":38}},"3":{"start":{"line":3,"column":0},"end":{"line":3,"column":36}},"4":{"start":{"line":17,"column":68},"end":{"line":17,"column":72}},"5":{"start":{"line":19,"column":4},"end":{"line":21,"column":5}},"6":{"start":{"line":20,"column":8},"end":{"line":20,"column":66}},"7":{"start":{"line":22,"column":4},"end":{"line":24,"column":5}},"8":{"start":{"line":23,"column":8},"end":{"line":23,"column":75}},"9":{"start":{"line":25,"column":4},"end":{"line":29,"column":5}},"10":{"start":{"line":26,"column":8},"end":{"line":28,"column":10}},"11":{"start":{"line":31,"column":24},"end":{"line":33,"column":6}},"12":{"start":{"line":34,"column":4},"end":{"line":36,"column":5}},"13":{"start":{"line":35,"column":8},"end":{"line":35,"column":68}},"14":{"start":{"line":38,"column":19},"end":{"line":49,"column":6}},"15":{"start":{"line":51,"column":4},"end":{"line":51,"column":18}}},"fnMap":{"0":{"name":"createCar","decl":{"start":{"line":16,"column":30},"end":{"line":16,"column":39}},"loc":{"start":{"line":16,"column":53},"end":{"line":52,"column":null}}}},"branchMap":{"0":{"loc":{"start":{"line":19,"column":4},"end":{"line":21,"column":5}},"type":"if","locations":[{"start":{"line":19,"column":4},"end":{"line":21,"column":5}}]},"1":{"loc":{"start":{"line":19,"column":8},"end":{"line":19,"column":74}},"type":"binary-expr","locations":[{"start":{"line":19,"column":8},"end":{"line":19,"column":14}},{"start":{"line":19,"column":18},"end":{"line":19,"column":24}},{"start":{"line":19,"column":28},"end":{"line":19,"column":34}},{"start":{"line":19,"column":38},"end":{"line":19,"column":43}},{"start":{"line":19,"column":47},"end":{"line":19,"column":53}},{"start":{"line":19,"column":57},"end":{"line":19,"column":63}},{"start":{"line":19,"column":67},"end":{"line":19,"column":74}}]},"2":{"loc":{"start":{"line":22,"column":4},"end":{"line":24,"column":5}},"type":"if","locations":[{"start":{"line":22,"column":4},"end":{"line":24,"column":5}}]},"3":{"loc":{"start":{"line":22,"column":8},"end":{"line":22,"column":64}},"type":"binary-expr","locations":[{"start":{"line":22,"column":8},"end":{"line":22,"column":24}},{"start":{"line":22,"column":28},"end":{"line":22,"column":64}}]},"4":{"loc":{"start":{"line":25,"column":4},"end":{"line":29,"column":5}},"type":"if","locations":[{"start":{"line":25,"column":4},"end":{"line":29,"column":5}}]},"5":{"loc":{"start":{"line":34,"column":4},"end":{"line":36,"column":5}},"type":"if","locations":[{"start":{"line":34,"column":4},"end":{"line":36,"column":5}}]}},"s":{"0":1,"1":1,"2":1,"3":1,"4":4,"5":4,"6":1,"7":3,"8":0,"9":3,"10":0,"11":3,"12":3,"13":1,"14":2,"15":2},"f":{"0":4},"b":{"0":[1],"1":[4,4,3,3,3,3,3],"2":[0],"3":[3,3],"4":[0],"5":[1]}}
,"/home/john/Documentos/Desafio3_JOHNATHAN/Desafio3_johnathan/src/modules/car/services/deleteCarService.ts": {"path":"/home/john/Documentos/Desafio3_JOHNATHAN/Desafio3_johnathan/src/modules/car/services/deleteCarService.ts","statementMap":{"0":{"start":{"line":4,"column":0},"end":{"line":4,"column":30}},"1":{"start":{"line":1,"column":0},"end":{"line":1,"column":59}},"2":{"start":{"line":2,"column":0},"end":{"line":2,"column":38}},"3":{"start":{"line":5,"column":16},"end":{"line":5,"column":38}},"4":{"start":{"line":6,"column":4},"end":{"line":6,"column":50}},"5":{"start":{"line":6,"column":14},"end":{"line":6,"column":50}},"6":{"start":{"line":8,"column":4},"end":{"line":8,"column":24}},"7":{"start":{"line":9,"column":4},"end":{"line":9,"column":51}}},"fnMap":{"0":{"name":"deleteCar","decl":{"start":{"line":4,"column":30},"end":{"line":4,"column":39}},"loc":{"start":{"line":4,"column":50},"end":{"line":10,"column":null}}}},"branchMap":{"0":{"loc":{"start":{"line":6,"column":4},"end":{"line":6,"column":50}},"type":"if","locations":[{"start":{"line":6,"column":4},"end":{"line":6,"column":50}}]}},"s":{"0":1,"1":1,"2":1,"3":2,"4":2,"5":1,"6":1,"7":1},"f":{"0":2},"b":{"0":[1]}}
,"/home/john/Documentos/Desafio3_JOHNATHAN/Desafio3_johnathan/src/modules/car/services/listCarService.ts": {"path":"/home/john/Documentos/Desafio3_JOHNATHAN/Desafio3_johnathan/src/modules/car/services/listCarService.ts","statementMap":{"0":{"start":{"line":3,"column":0},"end":{"line":3,"column":30}},"1":{"start":{"line":1,"column":0},"end":{"line":1,"column":38}},"2":{"start":{"line":4,"column":17},"end":{"line":4,"column":36}},"3":{"start":{"line":5,"column":4},"end":{"line":5,"column":16}}},"fnMap":{"0":{"name":"getAllCars","decl":{"start":{"line":3,"column":30},"end":{"line":3,"column":40}},"loc":{"start":{"line":3,"column":40},"end":{"line":6,"column":null}}}},"branchMap":{},"s":{"0":1,"1":1,"2":2,"3":2},"f":{"0":2},"b":{}}
,"/home/john/Documentos/Desafio3_JOHNATHAN/Desafio3_johnathan/src/modules/car/services/showCarService.ts": {"path":"/home/john/Documentos/Desafio3_JOHNATHAN/Desafio3_johnathan/src/modules/car/services/showCarService.ts","statementMap":{"0":{"start":{"line":4,"column":0},"end":{"line":4,"column":30}},"1":{"start":{"line":1,"column":0},"end":{"line":1,"column":59}},"2":{"start":{"line":2,"column":0},"end":{"line":2,"column":38}},"3":{"start":{"line":5,"column":16},"end":{"line":5,"column":38}},"4":{"start":{"line":6,"column":4},"end":{"line":6,"column":50}},"5":{"start":{"line":6,"column":14},"end":{"line":6,"column":50}},"6":{"start":{"line":7,"column":4},"end":{"line":7,"column":15}}},"fnMap":{"0":{"name":"getCarById","decl":{"start":{"line":4,"column":30},"end":{"line":4,"column":40}},"loc":{"start":{"line":4,"column":51},"end":{"line":8,"column":null}}}},"branchMap":{"0":{"loc":{"start":{"line":6,"column":4},"end":{"line":6,"column":50}},"type":"if","locations":[{"start":{"line":6,"column":4},"end":{"line":6,"column":50}}]}},"s":{"0":1,"1":1,"2":1,"3":2,"4":2,"5":1,"6":1},"f":{"0":2},"b":{"0":[1]}}
,"/home/john/Documentos/Desafio3_JOHNATHAN/Desafio3_johnathan/src/modules/car/services/updateCarService.ts": {"path":"/home/john/Documentos/Desafio3_JOHNATHAN/Desafio3_johnathan/src/modules/car/services/updateCarService.ts","statementMap":{"0":{"start":{"line":1,"column":0},"end":{"line":1,"column":38}},"1":{"start":{"line":2,"column":0},"end":{"line":2,"column":59}},"2":{"start":{"line":17,"column":8},"end":{"line":84,"column":null}},"3":{"start":{"line":29,"column":20},"end":{"line":29,"column":56}},"4":{"start":{"line":30,"column":8},"end":{"line":32,"column":9}},"5":{"start":{"line":31,"column":12},"end":{"line":31,"column":53}},"6":{"start":{"line":34,"column":8},"end":{"line":36,"column":9}},"7":{"start":{"line":35,"column":12},"end":{"line":35,"column":79}},"8":{"start":{"line":38,"column":8},"end":{"line":43,"column":9}},"9":{"start":{"line":39,"column":12},"end":{"line":42,"column":14}},"10":{"start":{"line":45,"column":8},"end":{"line":52,"column":9}},"11":{"start":{"line":46,"column":12},"end":{"line":51,"column":13}},"12":{"start":{"line":47,"column":16},"end":{"line":50,"column":18}},"13":{"start":{"line":54,"column":8},"end":{"line":59,"column":9}},"14":{"start":{"line":55,"column":12},"end":{"line":58,"column":14}},"15":{"start":{"line":61,"column":8},"end":{"line":71,"column":9}},"16":{"start":{"line":62,"column":32},"end":{"line":64,"column":14}},"17":{"start":{"line":65,"column":12},"end":{"line":70,"column":13}},"18":{"start":{"line":66,"column":16},"end":{"line":69,"column":18}},"19":{"start":{"line":73,"column":50},"end":{"line":73,"column":52}},"20":{"start":{"line":74,"column":8},"end":{"line":74,"column":47}},"21":{"start":{"line":74,"column":19},"end":{"line":74,"column":47}},"22":{"start":{"line":75,"column":8},"end":{"line":75,"column":47}},"23":{"start":{"line":75,"column":19},"end":{"line":75,"column":47}},"24":{"start":{"line":76,"column":8},"end":{"line":76,"column":47}},"25":{"start":{"line":76,"column":19},"end":{"line":76,"column":47}},"26":{"start":{"line":77,"column":8},"end":{"line":77,"column":38}},"27":{"start":{"line":77,"column":16},"end":{"line":77,"column":38}},"28":{"start":{"line":78,"column":8},"end":{"line":78,"column":44}},"29":{"start":{"line":78,"column":18},"end":{"line":78,"column":44}},"30":{"start":{"line":79,"column":8},"end":{"line":79,"column":47}},"31":{"start":{"line":79,"column":19},"end":{"line":79,"column":47}},"32":{"start":{"line":80,"column":8},"end":{"line":80,"column":47}},"33":{"start":{"line":80,"column":19},"end":{"line":80,"column":47}},"34":{"start":{"line":81,"column":8},"end":{"line":81,"column":50}},"35":{"start":{"line":81,"column":20},"end":{"line":81,"column":50}},"36":{"start":{"line":83,"column":8},"end":{"line":83,"column":40}},"37":{"start":{"line":15,"column":0},"end":{"line":15,"column":21}}},"fnMap":{"0":{"name":"(anonymous_8)","decl":{"start":{"line":16,"column":17},"end":{"line":16,"column":24}},"loc":{"start":{"line":16,"column":24},"end":{"line":84,"column":null}}},"1":{"name":"(anonymous_9)","decl":{"start":{"line":17,"column":8},"end":{"line":17,"column":18}},"loc":{"start":{"line":27,"column":29},"end":{"line":84,"column":5}}}},"branchMap":{"0":{"loc":{"start":{"line":30,"column":8},"end":{"line":32,"column":9}},"type":"if","locations":[{"start":{"line":30,"column":8},"end":{"line":32,"column":9}}]},"1":{"loc":{"start":{"line":34,"column":8},"end":{"line":36,"column":9}},"type":"if","locations":[{"start":{"line":34,"column":8},"end":{"line":36,"column":9}}]},"2":{"loc":{"start":{"line":38,"column":8},"end":{"line":43,"column":9}},"type":"if","locations":[{"start":{"line":38,"column":8},"end":{"line":43,"column":9}}]},"3":{"loc":{"start":{"line":38,"column":12},"end":{"line":38,"column":66}},"type":"binary-expr","locations":[{"start":{"line":38,"column":12},"end":{"line":38,"column":18}},{"start":{"line":38,"column":22},"end":{"line":38,"column":41}},{"start":{"line":38,"column":45},"end":{"line":38,"column":66}}]},"4":{"loc":{"start":{"line":45,"column":8},"end":{"line":52,"column":9}},"type":"if","locations":[{"start":{"line":45,"column":8},"end":{"line":52,"column":9}}]},"5":{"loc":{"start":{"line":46,"column":12},"end":{"line":51,"column":13}},"type":"if","locations":[{"start":{"line":46,"column":12},"end":{"line":51,"column":13}}]},"6":{"loc":{"start":{"line":46,"column":16},"end":{"line":46,"column":72}},"type":"binary-expr","locations":[{"start":{"line":46,"column":16},"end":{"line":46,"column":32}},{"start":{"line":46,"column":36},"end":{"line":46,"column":72}}]},"7":{"loc":{"start":{"line":54,"column":8},"end":{"line":59,"column":9}},"type":"if","locations":[{"start":{"line":54,"column":8},"end":{"line":59,"column":9}}]},"8":{"loc":{"start":{"line":54,"column":12},"end":{"line":54,"column":60}},"type":"binary-expr","locations":[{"start":{"line":54,"column":12},"end":{"line":54,"column":16}},{"start":{"line":54,"column":20},"end":{"line":54,"column":60}}]},"9":{"loc":{"start":{"line":61,"column":8},"end":{"line":71,"column":9}},"type":"if","locations":[{"start":{"line":61,"column":8},"end":{"line":71,"column":9}}]},"10":{"loc":{"start":{"line":65,"column":12},"end":{"line":70,"column":13}},"type":"if","locations":[{"start":{"line":65,"column":12},"end":{"line":70,"column":13}}]},"11":{"loc":{"start":{"line":65,"column":16},"end":{"line":65,"column":52}},"type":"binary-expr","locations":[{"start":{"line":65,"column":16},"end":{"line":65,"column":27}},{"start":{"line":65,"column":31},"end":{"line":65,"column":52}}]},"12":{"loc":{"start":{"line":74,"column":8},"end":{"line":74,"column":47}},"type":"if","locations":[{"start":{"line":74,"column":8},"end":{"line":74,"column":47}}]},"13":{"loc":{"start":{"line":75,"column":8},"end":{"line":75,"column":47}},"type":"if","locations":[{"start":{"line":75,"column":8},"end":{"line":75,"column":47}}]},"14":{"loc":{"start":{"line":76,"column":8},"end":{"line":76,"column":47}},"type":"if","locations":[{"start":{"line":76,"column":8},"end":{"line":76,"column":47}}]},"15":{"loc":{"start":{"line":77,"column":8},"end":{"line":77,"column":38}},"type":"if","locations":[{"start":{"line":77,"column":8},"end":{"line":77,"column":38}}]},"16":{"loc":{"start":{"line":78,"column":8},"end":{"line":78,"column":44}},"type":"if","locations":[{"start":{"line":78,"column":8},"end":{"line":78,"column":44}}]},"17":{"loc":{"start":{"line":79,"column":8},"end":{"line":79,"column":47}},"type":"if","locations":[{"start":{"line":79,"column":8},"end":{"line":79,"column":47}}]},"18":{"loc":{"start":{"line":80,"column":8},"end":{"line":80,"column":47}},"type":"if","locations":[{"start":{"line":80,"column":8},"end":{"line":80,"column":47}}]},"19":{"loc":{"start":{"line":81,"column":8},"end":{"line":81,"column":50}},"type":"if","locations":[{"start":{"line":81,"column":8},"end":{"line":81,"column":50}}]}},"s":{"0":1,"1":1,"2":7,"3":7,"4":7,"5":1,"6":6,"7":1,"8":5,"9":0,"10":5,"11":2,"12":2,"13":3,"14":1,"15":2,"16":2,"17":2,"18":1,"19":1,"20":1,"21":1,"22":1,"23":1,"24":1,"25":1,"26":1,"27":0,"28":1,"29":0,"30":1,"31":0,"32":1,"33":0,"34":1,"35":0,"36":1,"37":1},"f":{"0":7,"1":7},"b":{"0":[1],"1":[1],"2":[0],"3":[5,0,0],"4":[2],"5":[2],"6":[2,1],"7":[1],"8":[3,1],"9":[2],"10":[1],"11":[2,2],"12":[1],"13":[1],"14":[1],"15":[0],"16":[0],"17":[0],"18":[0],"19":[0]}}
,"/home/john/Documentos/Desafio3_JOHNATHAN/Desafio3_johnathan/src/modules/customer/models/Customer.ts": {"path":"/home/john/Documentos/Desafio3_JOHNATHAN/Desafio3_johnathan/src/modules/customer/models/Customer.ts","statementMap":{"0":{"start":{"line":1,"column":0},"end":{"line":1,"column":45}},"1":{"start":{"line":2,"column":0},"end":{"line":2,"column":50}},"2":{"start":{"line":5,"column":0},"end":{"line":5,"column":13}},"3":{"start":{"line":19,"column":0},"end":{"line":42,"column":2}},"4":{"start":{"line":44,"column":0},"end":{"line":44,"column":24}}},"fnMap":{},"branchMap":{},"s":{"0":5,"1":5,"2":5,"3":5,"4":5},"f":{},"b":{}}
,"/home/john/Documentos/Desafio3_JOHNATHAN/Desafio3_johnathan/src/shared/errors/AppError.ts": {"path":"/home/john/Documentos/Desafio3_JOHNATHAN/Desafio3_johnathan/src/shared/errors/AppError.ts","statementMap":{"0":{"start":{"line":4,"column":8},"end":{"line":4,"column":23}},"1":{"start":{"line":5,"column":8},"end":{"line":5,"column":37}},"2":{"start":{"line":1,"column":0},"end":{"line":1,"column":13}}},"fnMap":{"0":{"name":"(anonymous_0)","decl":{"start":{"line":3,"column":4},"end":{"line":3,"column":16}},"loc":{"start":{"line":3,"column":49},"end":{"line":6,"column":5}}}},"branchMap":{"0":{"loc":{"start":{"line":3,"column":33},"end":{"line":3,"column":49}},"type":"default-arg","locations":[{"start":{"line":3,"column":46},"end":{"line":3,"column":49}}]}},"s":{"0":56,"1":56,"2":14},"f":{"0":56},"b":{"0":[13]}}
}
