TN:
SF:src/config/auth.ts
FNF:0
FNH:0
DA:1,1
LF:1
LH:1
BRF:0
BRH:0
end_of_record
TN:
SF:src/config/sequelize.ts
FNF:0
FNH:0
DA:1,12
DA:2,12
DA:4,12
DA:6,12
DA:17,12
LF:5
LH:5
BRF:0
BRH:0
end_of_record
TN:
SF:src/modules/Order/models/Order.ts
FNF:0
FNH:0
DA:1,5
DA:2,5
DA:3,5
DA:4,5
DA:20,5
DA:103,5
DA:104,5
DA:106,5
LF:8
LH:8
BRF:0
BRH:0
end_of_record
TN:
SF:src/modules/Order/services/CreaterOrderService.ts
FN:14,(anonymous_8)
FN:14,(anonymous_9)
FNF:2
FNH:2
FNDA:4,(anonymous_8)
FNDA:4,(anonymous_9)
DA:1,1
DA:2,1
DA:3,1
DA:4,1
DA:5,1
DA:13,1
DA:14,4
DA:16,4
DA:20,4
DA:21,1
DA:25,3
DA:29,3
DA:30,0
DA:34,3
DA:38,3
DA:39,2
DA:42,1
DA:43,1
DA:45,1
DA:46,1
DA:47,1
DA:49,1
DA:50,1
DA:51,1
DA:52,0
DA:57,1
DA:58,1
DA:60,1
DA:61,0
DA:66,1
DA:78,1
LF:31
LH:28
BRDA:20,0,0,1
BRDA:29,1,0,0
BRDA:38,2,0,2
BRDA:45,3,0,1
BRDA:49,4,0,1
BRDA:49,5,0,1
BRDA:49,5,1,1
BRDA:51,6,0,0
BRDA:60,7,0,0
BRF:9
BRH:6
end_of_record
TN:
SF:src/modules/Order/services/DeleteOrderService.ts
FN:5,(anonymous_8)
FNF:1
FNH:1
FNDA:5,(anonymous_8)
DA:1,1
DA:2,1
DA:4,1
DA:6,5
DA:10,5
DA:11,1
DA:14,4
DA:15,1
DA:20,3
DA:21,3
DA:22,3
DA:23,3
LF:12
LH:12
BRDA:10,0,0,1
BRDA:14,1,0,1
BRF:2
BRH:2
end_of_record
TN:
SF:src/modules/Order/services/ReadAllOrderService.ts
FN:18,(anonymous_8)
FN:29,(anonymous_9)
FNF:2
FNH:2
FNDA:5,(anonymous_8)
FNDA:5,(anonymous_9)
DA:4,1
DA:5,1
DA:7,1
DA:18,1
DA:29,5
DA:30,5
DA:31,5
DA:32,5
DA:33,5
DA:34,2
DA:37,5
DA:38,1
DA:41,1
DA:44,5
DA:45,1
DA:46,1
DA:48,1
DA:49,1
DA:52,1
DA:53,1
DA:54,1
DA:55,1
DA:59,5
DA:83,5
DA:90,1
LF:25
LH:25
BRDA:33,0,0,2
BRDA:37,1,0,1
BRDA:44,2,0,1
BRDA:44,3,0,5
BRDA:44,3,1,4
BRDA:48,4,0,1
BRDA:52,5,0,1
BRF:7
BRH:7
end_of_record
TN:
SF:src/modules/Order/services/ReadOrderService.ts
FN:10,(anonymous_8)
FNF:1
FNH:1
FNDA:2,(anonymous_8)
DA:1,1
DA:2,1
DA:3,1
DA:4,1
DA:9,1
DA:12,2
DA:28,2
DA:29,1
DA:33,1
LF:9
LH:9
BRDA:28,0,0,1
BRF:1
BRH:1
end_of_record
TN:
SF:src/modules/Order/services/UpdateOrderService.ts
FN:15,(anonymous_8)
FN:24,(anonymous_9)
FN:24,(anonymous_10)
FNF:3
FNH:2
FNDA:0,(anonymous_8)
FNDA:6,(anonymous_9)
FNDA:6,(anonymous_10)
DA:1,1
DA:2,1
DA:4,1
DA:14,1
DA:22,0
DA:24,6
DA:32,6
DA:33,6
DA:34,1
DA:38,5
DA:39,5
DA:40,2
DA:47,3
DA:48,1
DA:55,2
DA:56,2
DA:58,2
DA:59,2
DA:60,2
DA:62,2
DA:63,1
DA:75,1
DA:76,0
DA:81,1
DA:82,1
DA:85,2
DA:86,1
DA:91,1
DA:92,0
DA:93,0
DA:98,0
DA:99,0
DA:106,1
DA:107,1
DA:108,0
DA:113,1
DA:117,1
DA:127,1
LF:38
LH:31
BRDA:33,0,0,1
BRDA:39,1,0,2
BRDA:47,2,0,1
BRDA:58,3,0,2
BRDA:62,4,0,1
BRDA:62,5,0,2
BRDA:62,5,1,2
BRDA:75,6,0,0
BRDA:85,7,0,1
BRDA:91,8,0,0
BRDA:92,9,0,0
BRDA:98,10,0,0
BRDA:98,11,0,0
BRDA:98,11,1,0
BRDA:98,11,2,0
BRDA:98,11,3,0
BRDA:98,11,4,0
BRDA:106,12,0,1
BRDA:107,13,0,0
BRDA:124,14,0,1
BRDA:124,14,1,0
BRF:21
BRH:10
end_of_record
TN:
SF:src/modules/User/models/User.ts
FNF:0
FNH:0
DA:1,1
DA:2,1
DA:11,1
DA:35,1
LF:4
LH:4
BRF:0
BRH:0
end_of_record
TN:
SF:src/modules/User/services/CreateSessionService.ts
FN:18,(anonymous_8)
FN:18,(anonymous_9)
FNF:2
FNH:2
FNDA:3,(anonymous_8)
FNDA:3,(anonymous_9)
DA:1,1
DA:2,1
DA:3,1
DA:4,1
DA:5,1
DA:17,1
DA:18,3
DA:19,3
DA:20,3
DA:21,1
DA:27,2
DA:29,2
DA:30,1
DA:35,1
DA:39,1
DA:45,1
LF:16
LH:16
BRDA:20,0,0,1
BRDA:29,1,0,1
BRF:2
BRH:2
end_of_record
TN:
SF:src/modules/User/services/CreateUserService.ts
FN:12,(anonymous_8)
FN:12,(anonymous_9)
FNF:2
FNH:2
FNDA:3,(anonymous_8)
FNDA:3,(anonymous_9)
DA:1,1
DA:2,1
DA:3,1
DA:11,1
DA:12,3
DA:13,3
DA:14,3
DA:15,1
DA:20,2
DA:22,2
DA:28,2
DA:30,2
LF:12
LH:12
BRDA:14,0,0,1
BRF:1
BRH:1
end_of_record
TN:
SF:src/modules/User/services/DeleteUserService.ts
FN:5,(anonymous_8)
FNF:1
FNH:1
FNDA:4,(anonymous_8)
DA:1,1
DA:2,1
DA:4,1
DA:6,4
DA:7,4
DA:8,3
DA:11,1
DA:13,1
LF:8
LH:8
BRDA:7,0,0,3
BRF:1
BRH:1
end_of_record
TN:
SF:src/modules/User/services/ListUserService.ts
FN:33,(anonymous_8)
FN:34,(anonymous_9)
FNF:2
FNH:2
FNDA:4,(anonymous_8)
FNDA:4,(anonymous_9)
DA:1,1
DA:2,1
DA:3,1
DA:32,1
DA:34,4
DA:38,4
DA:39,4
DA:40,4
DA:42,4
DA:43,4
DA:46,4
DA:50,4
DA:51,4
DA:68,4
DA:69,2
DA:71,2
LF:16
LH:16
BRDA:39,0,0,4
BRDA:42,1,0,4
BRDA:68,2,0,2
BRF:3
BRH:3
end_of_record
TN:
SF:src/modules/User/services/ShowUserService.ts
FN:5,(anonymous_8)
FNF:1
FNH:1
FNDA:3,(anonymous_8)
DA:1,1
DA:2,1
DA:4,1
DA:6,3
DA:12,3
DA:13,2
DA:16,1
LF:7
LH:7
BRDA:12,0,0,2
BRF:1
BRH:1
end_of_record
TN:
SF:src/modules/User/services/UpdateUserService.ts
FN:11,(anonymous_8)
FN:12,(anonymous_9)
FNF:2
FNH:2
FNDA:4,(anonymous_8)
FNDA:4,(anonymous_9)
DA:1,1
DA:2,1
DA:10,1
DA:12,4
DA:15,4
DA:16,4
DA:17,1
DA:19,3
DA:20,2
DA:21,2
DA:22,1
DA:29,2
DA:30,2
DA:31,1
DA:33,2
DA:34,2
DA:36,2
DA:37,0
DA:39,2
DA:40,2
LF:20
LH:19
BRDA:16,0,0,1
BRDA:19,1,0,2
BRDA:21,2,0,1
BRDA:21,3,0,2
BRDA:21,3,1,1
BRDA:30,4,0,1
BRDA:33,5,0,2
BRDA:36,6,0,0
BRF:8
BRH:7
end_of_record
TN:
SF:src/modules/car/models/car.model.ts
FN:48,(anonymous_1)
FN:60,(anonymous_2)
FN:65,(anonymous_3)
FNF:3
FNH:3
FNDA:3,(anonymous_1)
FNDA:3,(anonymous_2)
FNDA:3,(anonymous_3)
DA:1,6
DA:2,6
DA:20,6
DA:49,3
DA:50,3
DA:51,1
DA:61,3
DA:62,0
DA:66,3
DA:67,1
DA:97,6
LF:11
LH:10
BRDA:50,0,0,1
BRDA:61,1,0,0
BRDA:61,2,0,3
BRDA:61,2,1,3
BRDA:66,3,0,1
BRF:5
BRH:4
end_of_record
TN:
SF:src/modules/car/services/createCarService.ts
FN:16,createCar
FNF:1
FNH:1
FNDA:4,createCar
DA:1,1
DA:2,1
DA:3,1
DA:16,1
DA:17,4
DA:19,4
DA:20,1
DA:22,3
DA:23,0
DA:25,3
DA:26,0
DA:31,3
DA:34,3
DA:35,1
DA:38,2
DA:51,2
LF:16
LH:14
BRDA:19,0,0,1
BRDA:19,1,0,4
BRDA:19,1,1,4
BRDA:19,1,2,3
BRDA:19,1,3,3
BRDA:19,1,4,3
BRDA:19,1,5,3
BRDA:19,1,6,3
BRDA:22,2,0,0
BRDA:22,3,0,3
BRDA:22,3,1,3
BRDA:25,4,0,0
BRDA:34,5,0,1
BRF:13
BRH:11
end_of_record
TN:
SF:src/modules/car/services/deleteCarService.ts
FN:4,deleteCar
FNF:1
FNH:1
FNDA:2,deleteCar
DA:1,1
DA:2,1
DA:4,1
DA:5,2
DA:6,2
DA:8,1
DA:9,1
LF:7
LH:7
BRDA:6,0,0,1
BRF:1
BRH:1
end_of_record
TN:
SF:src/modules/car/services/listCarService.ts
FN:3,getAllCars
FNF:1
FNH:1
FNDA:2,getAllCars
DA:1,1
DA:3,1
DA:4,2
DA:5,2
LF:4
LH:4
BRF:0
BRH:0
end_of_record
TN:
SF:src/modules/car/services/showCarService.ts
FN:4,getCarById
FNF:1
FNH:1
FNDA:2,getCarById
DA:1,1
DA:2,1
DA:4,1
DA:5,2
DA:6,2
DA:7,1
LF:6
LH:6
BRDA:6,0,0,1
BRF:1
BRH:1
end_of_record
TN:
SF:src/modules/car/services/updateCarService.ts
FN:16,(anonymous_8)
FN:17,(anonymous_9)
FNF:2
FNH:2
FNDA:7,(anonymous_8)
FNDA:7,(anonymous_9)
DA:1,1
DA:2,1
DA:15,1
DA:17,7
DA:29,7
DA:30,7
DA:31,1
DA:34,6
DA:35,1
DA:38,5
DA:39,0
DA:45,5
DA:46,2
DA:47,2
DA:54,3
DA:55,1
DA:61,2
DA:62,2
DA:65,2
DA:66,1
DA:73,1
DA:74,1
DA:75,1
DA:76,1
DA:77,1
DA:78,1
DA:79,1
DA:80,1
DA:81,1
DA:83,1
LF:30
LH:29
BRDA:30,0,0,1
BRDA:34,1,0,1
BRDA:38,2,0,0
BRDA:38,3,0,5
BRDA:38,3,1,0
BRDA:38,3,2,0
BRDA:45,4,0,2
BRDA:46,5,0,2
BRDA:46,6,0,2
BRDA:46,6,1,1
BRDA:54,7,0,1
BRDA:54,8,0,3
BRDA:54,8,1,1
BRDA:61,9,0,2
BRDA:65,10,0,1
BRDA:65,11,0,2
BRDA:65,11,1,2
BRDA:74,12,0,1
BRDA:75,13,0,1
BRDA:76,14,0,1
BRDA:77,15,0,0
BRDA:78,16,0,0
BRDA:79,17,0,0
BRDA:80,18,0,0
BRDA:81,19,0,0
BRF:25
BRH:17
end_of_record
TN:
SF:src/modules/customer/models/Customer.ts
FNF:0
FNH:0
DA:1,5
DA:2,5
DA:5,5
DA:19,5
DA:44,5
LF:5
LH:5
BRF:0
BRH:0
end_of_record
TN:
SF:src/shared/errors/AppError.ts
FN:3,(anonymous_0)
FNF:1
FNH:1
FNDA:56,(anonymous_0)
DA:1,14
DA:4,56
DA:5,56
LF:3
LH:3
BRDA:3,0,0,13
BRF:1
BRH:1
end_of_record
